#
# There is insufficient memory for the Java Runtime Environment to continue.
# Native memory allocation (mmap) failed to map 536870912 bytes for Failed to commit area from 0x0000000601400000 to 0x0000000621400000 of length 536870912.
# Possible reasons:
#   The system is out of physical RAM or swap space
#   The process is running with CompressedOops enabled, and the Java Heap may be blocking the growth of the native heap
# Possible solutions:
#   Reduce memory load on the system
#   Increase physical memory or swap space
#   Check if swap backing store is full
#   Decrease Java heap size (-Xmx/-Xms)
#   Decrease number of Java threads
#   Decrease Java thread stack sizes (-Xss)
#   Set larger code cache with -XX:ReservedCodeCacheSize=
# This output file may be truncated or incomplete.
#
#  Out of Memory Error (./src/hotspot/os/windows/os_windows.cpp:3301), pid=21600, tid=1936
#
# JRE version:  (11.0.10+8) (build )
# Java VM: OpenJDK 64-Bit Server VM (11.0.10+8-b1145.96, mixed mode, sharing, tiered, compressed oops, g1 gc, windows-amd64)
# No core dump will be written. Minidumps are not enabled by default on client versions of Windows
#

---------------  S U M M A R Y ------------

Command Line: org.jetbrains.git4idea.http.GitAskPassApp Username for 'https://github.com': 

Host: Intel(R) Xeon(R) CPU E5-2650 v2 @ 2.60GHz, 16 cores, 31G,  Windows 10 , 64 bit Build 19041 (10.0.19041.928)
Time: Mon May 31 23:40:42 2021 RTZ 2 (зима) elapsed time: 0.019524 seconds (0d 0h 0m 0s)

---------------  T H R E A D  ---------------

Current thread (0x00000200e8bde800):  JavaThread "Unknown thread" [_thread_in_vm, id=1936, stack(0x000000a520800000,0x000000a520900000)]

Stack: [0x000000a520800000,0x000000a520900000]
Native frames: (J=compiled Java code, j=interpreted, Vv=VM code, C=native code)
V  [jvm.dll+0x5ece6a]
V  [jvm.dll+0x722cd5]
V  [jvm.dll+0x72422d]
V  [jvm.dll+0x7248e3]
V  [jvm.dll+0x2428d8]
V  [jvm.dll+0x5ea244]
V  [jvm.dll+0x5df2e5]
V  [jvm.dll+0x2fdddb]
V  [jvm.dll+0x2fdd4a]
V  [jvm.dll+0x2fdc22]
V  [jvm.dll+0x302b06]
V  [jvm.dll+0x34b033]
V  [jvm.dll+0x34b736]
V  [jvm.dll+0x34b133]
V  [jvm.dll+0x2d87d8]
V  [jvm.dll+0x2d9987]
V  [jvm.dll+0x701817]
V  [jvm.dll+0x70300c]
V  [jvm.dll+0x3585a9]
V  [jvm.dll+0x6e516e]
V  [jvm.dll+0x3c09e3]
V  [jvm.dll+0x3c2c71]
C  [jli.dll+0x5373]
C  [ucrtbase.dll+0x21bb2]
C  [KERNEL32.DLL+0x17034]
C  [ntdll.dll+0x52651]


---------------  P R O C E S S  ---------------

Threads class SMR info:
_java_thread_list=0x00000200e6ab2a60, length=0, elements={
}

Java Threads: ( => current thread )

Other Threads:
  0x00000200e8bf2000 GCTaskThread "GC Thread#0" [stack: 0x000000a520900000,0x000000a520a00000] [id=21268]
  0x00000200e8c78000 ConcurrentGCThread "G1 Main Marker" [stack: 0x000000a520a00000,0x000000a520b00000] [id=13980]
  0x00000200e8c79000 ConcurrentGCThread "G1 Conc#0" [stack: 0x000000a520b00000,0x000000a520c00000] [id=14660]

[error occurred during error reporting (printing all threads), id 0xc0000005, EXCEPTION_ACCESS_VIOLATION (0xc0000005) at pc=0x00007ffa4dc68db7]

VM state:not at safepoint (not fully initialized)

VM Mutex/Monitor currently owned by a thread:  ([mutex/lock_event])
[0x00000200e6b8b320] Heap_lock - owner thread: 0x00000200e8bde800

Heap address: 0x0000000601400000, size: 8172 MB, Compressed Oops mode: Non-zero based: 0x0000000601400000
Narrow klass base: 0x0000000000000000, Narrow klass shift: 0

GC Heap History (0 events):
No events

Deoptimization events (0 events):
No events

Classes redefined (0 events):
No events

Internal exceptions (0 events):
No events

Events (1 events):
Event: 0.012 Loaded shared library C:\Program Files\JetBrains\IntelliJ IDEA Community Edition 2020.3.3\jbr\bin\zip.dll


Dynamic libraries:
0x00007ff69c0a0000 - 0x00007ff69c0aa000 	C:\Program Files\JetBrains\IntelliJ IDEA Community Edition 2020.3.3\jbr\bin\java.exe
0x00007ffab9e50000 - 0x00007ffaba045000 	C:\WINDOWS\SYSTEM32\ntdll.dll
0x00007ffab8b30000 - 0x00007ffab8bed000 	C:\WINDOWS\System32\KERNEL32.DLL
0x00007ffab7610000 - 0x00007ffab78d8000 	C:\WINDOWS\System32\KERNELBASE.dll
0x00007ffab7c20000 - 0x00007ffab7d20000 	C:\WINDOWS\System32\ucrtbase.dll
0x00007ffaab920000 - 0x00007ffaab939000 	C:\Program Files\JetBrains\IntelliJ IDEA Community Edition 2020.3.3\jbr\bin\jli.dll
0x00007ffaa02b0000 - 0x00007ffaa02c7000 	C:\Program Files\JetBrains\IntelliJ IDEA Community Edition 2020.3.3\jbr\bin\VCRUNTIME140.dll
0x00007ffab8760000 - 0x00007ffab8900000 	C:\WINDOWS\System32\USER32.dll
0x00007ffab7b00000 - 0x00007ffab7b22000 	C:\WINDOWS\System32\win32u.dll
0x00007ffaaa940000 - 0x00007ffaaabda000 	C:\WINDOWS\WinSxS\amd64_microsoft.windows.common-controls_6595b64144ccf1df_6.0.19041.844_none_ca00b6081b84eb1d\COMCTL32.dll
0x00007ffab8f90000 - 0x00007ffab8fba000 	C:\WINDOWS\System32\GDI32.dll
0x00007ffab8570000 - 0x00007ffab860e000 	C:\WINDOWS\System32\msvcrt.dll
0x00007ffab78e0000 - 0x00007ffab79eb000 	C:\WINDOWS\System32\gdi32full.dll
0x00007ffab7b80000 - 0x00007ffab7c1d000 	C:\WINDOWS\System32\msvcp_win.dll
0x00007ffab90b0000 - 0x00007ffab90e0000 	C:\WINDOWS\System32\IMM32.DLL
0x00007ffa88bd0000 - 0x00007ffa88c6d000 	C:\Program Files\JetBrains\IntelliJ IDEA Community Edition 2020.3.3\jbr\bin\msvcp140.dll
0x00007ffa4d980000 - 0x00007ffa4e450000 	C:\Program Files\JetBrains\IntelliJ IDEA Community Edition 2020.3.3\jbr\bin\server\jvm.dll
0x00007ffab8900000 - 0x00007ffab89ac000 	C:\WINDOWS\System32\ADVAPI32.dll
0x00007ffab9140000 - 0x00007ffab91db000 	C:\WINDOWS\System32\sechost.dll
0x00007ffab7eb0000 - 0x00007ffab7fdb000 	C:\WINDOWS\System32\RPCRT4.dll
0x00007ffab8560000 - 0x00007ffab8568000 	C:\WINDOWS\System32\PSAPI.DLL
0x00007ffa8a020000 - 0x00007ffa8a029000 	C:\WINDOWS\SYSTEM32\WSOCK32.dll
0x00007ffaac920000 - 0x00007ffaac947000 	C:\WINDOWS\SYSTEM32\WINMM.dll
0x00007ffab8fc0000 - 0x00007ffab902b000 	C:\WINDOWS\System32\WS2_32.dll
0x00007ffab0c80000 - 0x00007ffab0c8a000 	C:\WINDOWS\SYSTEM32\VERSION.dll
0x00007ffab54f0000 - 0x00007ffab5502000 	C:\WINDOWS\SYSTEM32\kernel.appcore.dll
0x00007ffa8bc30000 - 0x00007ffa8bc41000 	C:\Program Files\JetBrains\IntelliJ IDEA Community Edition 2020.3.3\jbr\bin\verify.dll
0x00007ffab07e0000 - 0x00007ffab09c4000 	C:\WINDOWS\SYSTEM32\DBGHELP.DLL
0x00007ffa9e840000 - 0x00007ffa9e86c000 	C:\WINDOWS\SYSTEM32\dbgcore.DLL
0x00007ffab7590000 - 0x00007ffab7610000 	C:\WINDOWS\System32\bcryptPrimitives.dll
0x00007ffa87490000 - 0x00007ffa874b9000 	C:\Program Files\JetBrains\IntelliJ IDEA Community Edition 2020.3.3\jbr\bin\java.dll
0x00007ffaabef0000 - 0x00007ffaabefb000 	C:\Program Files\JetBrains\IntelliJ IDEA Community Edition 2020.3.3\jbr\bin\jimage.dll
0x00007ffa8bb80000 - 0x00007ffa8bb98000 	C:\Program Files\JetBrains\IntelliJ IDEA Community Edition 2020.3.3\jbr\bin\zip.dll

dbghelp: loaded successfully - version: 4.0.5 - missing functions: none
symbol engine: initialized successfully - sym options: 0x614 - pdb path: .;C:\Program Files\JetBrains\IntelliJ IDEA Community Edition 2020.3.3\jbr\bin;C:\WINDOWS\SYSTEM32;C:\WINDOWS\WinSxS\amd64_microsoft.windows.common-controls_6595b64144ccf1df_6.0.19041.844_none_ca00b6081b84eb1d;C:\Program Files\JetBrains\IntelliJ IDEA Community Edition 2020.3.3\jbr\bin\server

VM Arguments:
java_command: org.jetbrains.git4idea.http.GitAskPassApp Username for 'https://github.com': 
java_class_path (initial): C:/Program Files/JetBrains/IntelliJ IDEA Community Edition 2020.3.3/plugins/git4idea/lib/git4idea-rt.jar;C:/Program Files/JetBrains/IntelliJ IDEA Community Edition 2020.3.3/lib/xmlrpc-2.0.1.jar;C:/Program Files/JetBrains/IntelliJ IDEA Community Edition 2020.3.3/lib/commons-codec-1.14.jar
Launcher Type: SUN_STANDARD

[Global flags]
     intx CICompilerCount                          = 12                                        {product} {ergonomic}
     uint ConcGCThreads                            = 3                                         {product} {ergonomic}
     uint G1ConcRefinementThreads                  = 13                                        {product} {ergonomic}
   size_t G1HeapRegionSize                         = 2097152                                   {product} {ergonomic}
    uintx GCDrainStackTargetSize                   = 64                                        {product} {ergonomic}
   size_t InitialHeapSize                          = 536870912                                 {product} {ergonomic}
   size_t MarkStackSize                            = 4194304                                   {product} {ergonomic}
   size_t MaxHeapSize                              = 8568963072                                {product} {ergonomic}
   size_t MinHeapDeltaBytes                        = 2097152                                   {product} {ergonomic}
    uintx NonNMethodCodeHeapSize                   = 7594288                                {pd product} {ergonomic}
    uintx NonProfiledCodeHeapSize                  = 122031976                              {pd product} {ergonomic}
    uintx ProfiledCodeHeapSize                     = 122031976                              {pd product} {ergonomic}
    uintx ReservedCodeCacheSize                    = 251658240                              {pd product} {ergonomic}
     bool SegmentedCodeCache                       = true                                      {product} {ergonomic}
     bool UseCompressedClassPointers               = true                                 {lp64_product} {ergonomic}
     bool UseCompressedOops                        = true                                 {lp64_product} {ergonomic}
     bool UseG1GC                                  = true                                      {product} {ergonomic}
     bool UseLargePagesIndividualAllocation        = false                                  {pd product} {ergonomic}

Logging:
Log output configuration:
 #0: stdout all=warning uptime,level,tags
 #1: stderr all=off uptime,level,tags

Environment Variables:
PATH=C:\Program Files\Git\mingw64\libexec\git-core;C:\Program Files\Git\mingw64\libexec\git-core;C:\Program Files\Git\mingw64\bin;C:\Program Files\Git\usr\bin;C:\Users\bang\bin;C:\Python39\Scripts;C:\Python39;C:\Program Files (x86)\VMware\VMware Workstation\bin;C:\Program Files (x86)\Common Files\Oracle\Java\javapath;C:\Python38\Scripts;C:\Python38;C:\Windows\system32;C:\Windows;C:\Windows\System32\Wbem;C:\Windows\System32\WindowsPowerShell\v1.0;C:\Windows\System32\OpenSSH;C:\Program Files (x86)\NVIDIA Corporation\PhysX\Common;C:\Program Files\NVIDIA Corporation\NVIDIA NvDLISR;C:\Program Files\Microsoft SQL Server\130\Tools\Binn;C:\Program Files\Microsoft SQL Server\Client SDK\ODBC\170\Tools\Binn;C:\Program Files\Microsoft SQL Server\150\Tools\Binn;C:\Program Files\Microsoft SQL Server\Client SDK\ODBC\130\Tools\Binn;C:\Program Files (x86)\Microsoft SQL Server\140\Tools\Binn;C:\Program Files\Microsoft SQL Server\140\Tools\Binn;C:\Program Files\Microsoft SQL Server\140\DTS\Binn;C:\Program Files\Git\cmd;C:\Program Files\PuTTY;C:\ProgramData\chocolatey\bin;C:\WINDOWS\system32;C:\WINDOWS;C:\WINDOWS\System32\Wbem;C:\WINDOWS\System32\WindowsPowerShell\v1.0;C:\WINDOWS\System32\OpenSSH;C:\Program Files\nodejs;C:\Program Files\MySQL\MySQL Shell 8.0\bin;C:\Users\bang\AppData\Local\Microsoft\WindowsApps;C:\Program Files\JetBrains\IntelliJ IDEA 2020.1\bin;C:\Users\bang\.dotnet\tools;C:\Users\bang\AppData\Local\Programs\Microsoft VS Code\bin;C:\Program Files\JetBrains\IntelliJ IDEA 2020.3.2\bin;C:\Users\bang\AppData\Local\Microsoft\WindowsApps;C:\Program Files\JetBrains\IntelliJ IDEA Community Edition 2020.3.3\bin;C:\Users\bang\AppData\Roaming\npm
USERNAME=bang
DISPLAY=:0.0
LC_ALL=en_US.UTF-8
OS=Windows_NT
PROCESSOR_IDENTIFIER=Intel64 Family 6 Model 62 Stepping 4, GenuineIntel



---------------  S Y S T E M  ---------------

OS: Windows 10 , 64 bit Build 19041 (10.0.19041.928)
OS uptime: 5 days 23:10 hours

CPU:total 16 (initial active 16) (8 cores per cpu, 2 threads per core) family 6 model 62 stepping 4 microcode 0x42e, cmov, cx8, fxsr, mmx, sse, sse2, sse3, ssse3, sse4.1, sse4.2, popcnt, avx, aes, clmul, erms, ht, tsc, tscinvbit

Memory: 4k page, system-wide physical 32684M (13291M free)
TotalPageFile size 36780M (AvailPageFile size 32M)
current process WorkingSet (physical memory assigned to process): 10M, peak: 10M
current process commit charge ("private bytes"): 71M, peak: 583M

vm_info: OpenJDK 64-Bit Server VM (11.0.10+8-b1145.96) for windows-amd64 JRE (11.0.10+8-b1145.96), built on Feb 18 2021 01:38:16 by "" with MS VC++ 14.0 (VS2015)

END.
